<?xml version="1.0" encoding="UTF-8"?>
<testsuite name="Selenium.SeleniumDB" time="42.293" tests="2" errors="2" skipped="0" failures="0">
  <properties>
[...]
</properties>
  <testcase name="Selenium.SeleniumDB" classname="Selenium.SeleniumDB" time="21.146">
    <error message="Timed out waiting for driver server to start.&#10;Build info: version: &apos;3.9.1&apos;, revision: &apos;63f7b50&apos;, time: &apos;2018-02-07T22:25:02.294Z&apos;&#10;System info: host: &apos;DESKTOP-SJPTK7D&apos;, ip: &apos;10.50.137.6&apos;, os.name: &apos;Windows 10&apos;, os.arch: &apos;amd64&apos;, os.version: &apos;10.0&apos;, java.version: &apos;1.8.0_172&apos;&#10;Driver info: driver.version: ChromeDriver" type="org.openqa.selenium.WebDriverException"><![CDATA[org.openqa.selenium.WebDriverException: Timed out waiting for driver server to start.
Build info: version: '3.9.1', revision: '63f7b50', time: '2018-02-07T22:25:02.294Z'
System info: host: 'DESKTOP-SJPTK7D', ip: '10.50.137.6', os.name: 'Windows 10', os.arch: 'amd64', os.version: '10.0', java.version: '1.8.0_172'
Driver info: driver.version: ChromeDriver
	at java.util.concurrent.FutureTask.get(FutureTask.java:205)
	at com.google.common.util.concurrent.SimpleTimeLimiter.callWithTimeout(SimpleTimeLimiter.java:156)
	at org.openqa.selenium.net.UrlChecker.waitUntilAvailable(UrlChecker.java:75)
	at org.openqa.selenium.remote.service.DriverService.waitUntilAvailable(DriverService.java:187)
	at org.openqa.selenium.remote.service.DriverService.start(DriverService.java:178)
	at org.openqa.selenium.remote.service.DriverCommandExecutor.execute(DriverCommandExecutor.java:79)
	at org.openqa.selenium.remote.RemoteWebDriver.execute(RemoteWebDriver.java:543)
	at org.openqa.selenium.remote.RemoteWebDriver.startSession(RemoteWebDriver.java:207)
	at org.openqa.selenium.remote.RemoteWebDriver.<init>(RemoteWebDriver.java:130)
	at org.openqa.selenium.chrome.ChromeDriver.<init>(ChromeDriver.java:181)
	at org.openqa.selenium.chrome.ChromeDriver.<init>(ChromeDriver.java:168)
	at org.openqa.selenium.chrome.ChromeDriver.<init>(ChromeDriver.java:123)
	at Selenium.SeleniumDB.setup(SeleniumDB.java:25)
]]></error>
    <system-err>Jun 06, 2018 6:10:19 PM org.openqa.selenium.os.OsProcess checkForError
SEVERE: org.apache.commons.exec.ExecuteException: Execution failed (Exit value: -559038737. Caused by java.io.IOException: Cannot run program "C:\Users\przyg\Desktop\Project\WebAppGUI\WebApp\chromedriver" (in directory "."): CreateProcess error=193, %1 is not a valid Win32 application)
</system-err>
  </testcase>
  <testcase name="Selenium.SeleniumDB" classname="Selenium.SeleniumDB" time="21.147">
    <error type="java.lang.NullPointerException:">java.lang.NullPointerException: null
	at Selenium.SeleniumDB.tearDown(SeleniumDB.java:32)
</error>
  </testcase>
</testsuite>